<?xml version="1.0" encoding="UTF-8"?><testsuite errors="1" failures="0" name="OriginCountry" skipped="0" tests="1" time="15.42" timestamp="2022-09-21 02:14:01"><testcase name="Select Selector Origin"><error message="element click intercepted: Element &lt;sf-calendar-day class=&quot;v7-cal__day block-ui-click v7-cal__day--disabled ng-star-inserted&quot;&gt;...&lt;/sf-calendar-day&gt; is not clickable at point (502, 533). Other element would receive the click: &lt;ul class=&quot;v7-calendar__legend-list ng-star-inserted&quot;&gt;...&lt;/ul&gt;&#10;  (Session info: chrome=105.0.5195.127)&#10;Build info: version: '3.14.0', revision: 'aacccce0', time: '2018-08-02T20:19:58.91Z'&#10;System info: host: 'BIGCHUNGUS', ip: '192.168.0.10', os.name: 'Windows 10', os.arch: 'amd64', os.version: '10.0', java.version: '1.8.0_333'&#10;Driver info: org.openqa.selenium.remote.RemoteWebDriver&#10;Capabilities {acceptInsecureCerts: false, browserName: chrome, browserVersion: 105.0.5195.127, chrome: {chromedriverVersion: 105.0.5195.19 (b9c217c128c1..., userDataDir: C:\Users\alexis\AppData\Loc...}, goog:chromeOptions: {debuggerAddress: localhost:59762}, javascriptEnabled: true, networkConnectionEnabled: false, pageLoadStrategy: normal, platform: WINDOWS, platformName: WINDOWS, proxy: Proxy(), setWindowRect: true, strictFileInteractability: false, timeouts: {implicit: 0, pageLoad: 300000, script: 30000}, unhandledPromptBehavior: dismiss and notify, webauthn:extension:credBlob: true, webauthn:extension:largeBlob: true, webauthn:virtualAuthenticators: true}&#10;Session ID: 2c13de88bb8a877c40a699604bb6aa44" type="org.openqa.selenium.ElementClickInterceptedException">element click intercepted: Element &lt;sf-calendar-day class="v7-cal__day block-ui-click v7-cal__day--disabled ng-star-inserted"&gt;...&lt;/sf-calendar-day&gt; is not clickable at point (502, 533). Other element would receive the click: &lt;ul class="v7-calendar__legend-list ng-star-inserted"&gt;...&lt;/ul&gt;
  (Session info: chrome=105.0.5195.127)
Build info: version: '3.14.0', revision: 'aacccce0', time: '2018-08-02T20:19:58.91Z'
System info: host: 'BIGCHUNGUS', ip: '192.168.0.10', os.name: 'Windows 10', os.arch: 'amd64', os.version: '10.0', java.version: '1.8.0_333'
Driver info: org.openqa.selenium.remote.RemoteWebDriver
Capabilities {acceptInsecureCerts: false, browserName: chrome, browserVersion: 105.0.5195.127, chrome: {chromedriverVersion: 105.0.5195.19 (b9c217c128c1..., userDataDir: C:\Users\alexis\AppData\Loc...}, goog:chromeOptions: {debuggerAddress: localhost:59762}, javascriptEnabled: true, networkConnectionEnabled: false, pageLoadStrategy: normal, platform: WINDOWS, platformName: WINDOWS, proxy: Proxy(), setWindowRect: true, strictFileInteractability: false, timeouts: {implicit: 0, pageLoad: 300000, script: 30000}, unhandledPromptBehavior: dismiss and notify, webauthn:extension:credBlob: true, webauthn:extension:largeBlob: true, webauthn:virtualAuthenticators: true}
Session ID: 2c13de88bb8a877c40a699604bb6aa44</error><system-err>element click intercepted: Element &lt;sf-calendar-day class="v7-cal__day block-ui-click v7-cal__day--disabled ng-star-inserted"&gt;...&lt;/sf-calendar-day&gt; is not clickable at point (502, 533). Other element would receive the click: &lt;ul class="v7-calendar__legend-list ng-star-inserted"&gt;...&lt;/ul&gt;
  (Session info: chrome=105.0.5195.127)
Build info: version: '3.14.0', revision: 'aacccce0', time: '2018-08-02T20:19:58.91Z'
System info: host: 'BIGCHUNGUS', ip: '192.168.0.10', os.name: 'Windows 10', os.arch: 'amd64', os.version: '10.0', java.version: '1.8.0_333'
Driver info: org.openqa.selenium.remote.RemoteWebDriver
Capabilities {acceptInsecureCerts: false, browserName: chrome, browserVersion: 105.0.5195.127, chrome: {chromedriverVersion: 105.0.5195.19 (b9c217c128c1..., userDataDir: C:\Users\alexis\AppData\Loc...}, goog:chromeOptions: {debuggerAddress: localhost:59762}, javascriptEnabled: true, networkConnectionEnabled: false, pageLoadStrategy: normal, platform: WINDOWS, platformName: WINDOWS, proxy: Proxy(), setWindowRect: true, strictFileInteractability: false, timeouts: {implicit: 0, pageLoad: 300000, script: 30000}, unhandledPromptBehavior: dismiss and notify, webauthn:extension:credBlob: true, webauthn:extension:largeBlob: true, webauthn:virtualAuthenticators: true}
Session ID: 2c13de88bb8a877c40a699604bb6aa44&#13;
com.speedup.qa.tasks.Origin.performAs(Origin.java:20)&#13;
com.speedup.qa.stepsdefinitions.originStepDefinitions.thisUserSelectsTheOptionCountriesOfOrigin(originStepDefinitions.java:19)&#13;
cucumber.runner.Runner.runPickle(Runner.java:80)&#13;
</system-err></testcase></testsuite>